<?xml version="1.0" encoding="UTF-8"?>
<!-- Generated by org.testng.reporters.JUnitReportReporter -->
<testsuite hostname="apples-MacBook-Pro.local" failures="0" tests="1" name="test.LoginTest" time="17.553" errors="0" timestamp="2023-08-29T22:36:56 IST" skipped="0">
  <testcase classname="test.LoginTest" name="registerwithmanadatoryfield" time="17.553"/>
</testsuite> <!-- test.LoginTest -->
